<?xml version="1.0" encoding="UTF-8" ?>
<testsuite errors="0" failures="0" hostname="gradovich" name="pkg2_lesson.CalcTest" tests="2" time="0.103" timestamp="2011-10-06T16:07:49">
  <properties>
[...]
</properties>
  <testcase classname="pkg2_lesson.CalcTest" name="testPerformSimpleAction" time="0.0090" />
  <testcase classname="pkg2_lesson.CalcTest" name="testPerformSimpleActionWithWrongOperations" time="0.0" />
  <system-out><![CDATA[PerformSimpleAction
PerformSimpleAction
[Error] Wrong operation.
[Error] Wrong operation.
]]></system-out>
  <system-err><![CDATA[]]></system-err>
</testsuite>
